<?xml version="1.0" encoding="UTF-8"?>
<!-- Generated by org.testng.reporters.JUnitReportReporter -->
<testsuite skipped="0" hostname="DESKTOP-ATISG41" name="DEMOTEST.Worstdemo" tests="1" failures="0" timestamp="2019-12-23T11:55:42 IST" time="15.814" errors="0">
  <testcase name="twitterlogin" time="15.814" classname="DEMOTEST.Worstdemo"/>
</testsuite> <!-- DEMOTEST.Worstdemo -->
