<?xml version="1.0" encoding="UTF-8"?>
<!-- Generated by org.testng.reporters.JUnitReportReporter -->
<testsuite skipped="0" hostname="DESKTOP-ATISG41" name="DEMOTEST.ParameterPractice" tests="1" failures="0" timestamp="2019-12-23T11:55:42 IST" time="9.980" errors="0">
  <testcase name="yahoologin" time="9.980" classname="DEMOTEST.ParameterPractice"/>
</testsuite> <!-- DEMOTEST.ParameterPractice -->
